<?xml version="1.0" encoding="utf-8"?><testsuites name="pytest tests"><testsuite name="pytest" errors="0" failures="0" skipped="0" tests="11" time="3.261" timestamp="2026-06-27T01:10:45.067759+00:00" hostname="agent-env-3dd7823d-4048-456d-b31d-e4cb598dc869"><testcase classname="backend.tests.test_auth_persistence.TestJWTExpiry" name="test_exp_is_approx_30_days" time="0.497" /><testcase classname="backend.tests.test_auth_persistence.TestUpstreamIntegrationsDontLogoutUser" name="test_test_connection_does_not_leak_auth_header[microsoft365]" time="0.422" /><testcase classname="backend.tests.test_auth_persistence.TestUpstreamIntegrationsDontLogoutUser" name="test_test_connection_does_not_leak_auth_header[simpro]" time="0.110" /><testcase classname="backend.tests.test_auth_persistence.TestUpstreamIntegrationsDontLogoutUser" name="test_test_connection_does_not_leak_auth_header[textmagic]" time="0.434" /><testcase classname="backend.tests.test_auth_persistence.TestNoopPatchDoesNotBumpTokenVersion" name="test_noop_patch_keeps_session" time="0.108" /><testcase classname="backend.tests.test_auth_persistence.TestPutIntegrationsKeepsSession" name="test_put_integration_keeps_user_logged_in[simpro-payload0]" time="0.104" /><testcase classname="backend.tests.test_auth_persistence.TestPutIntegrationsKeepsSession" name="test_put_integration_keeps_user_logged_in[microsoft365-payload1]" time="0.107" /><testcase classname="backend.tests.test_auth_persistence.TestPutIntegrationsKeepsSession" name="test_put_integration_keeps_user_logged_in[textmagic-payload2]" time="0.112" /><testcase classname="backend.tests.test_auth_persistence.TestPutIntegrationsKeepsSession" name="test_put_integration_keeps_user_logged_in[navixy-payload3]" time="0.107" /><testcase classname="backend.tests.test_auth_persistence.TestRealRoleChangeRevokesAndRestores" name="test_real_role_change_bumps_tv_then_restore" time="1.039" /><testcase classname="backend.tests.test_auth_persistence.TestStalePdfTokenDoesNotForceLogout" name="test_invalid_pdf_token_does_not_carry_platform_auth_reason" time="0.135" /></testsuite></testsuites>