<?xml version="1.0" encoding="utf-8"?><testsuites name="pytest tests"><testsuite name="pytest" errors="0" failures="0" skipped="0" tests="14" time="7.186" timestamp="2026-06-30T05:30:13.203178+00:00" hostname="agent-env-3dd7823d-4048-456d-b31d-e4cb598dc869"><testcase classname="tests.test_navixy_trip_summary_v114.TestTripSummaryToday" name="test_today_returns_200" time="0.711" /><testcase classname="tests.test_navixy_trip_summary_v114.TestTripSummaryToday" name="test_today_schema_contract" time="0.050" /><testcase classname="tests.test_navixy_trip_summary_v114.TestTripSummaryToday" name="test_today_has_drive_activity" time="0.049" /><testcase classname="tests.test_navixy_trip_summary_v114.TestTripSummaryWeekMonth" name="test_week_returns_200" time="0.216" /><testcase classname="tests.test_navixy_trip_summary_v114.TestTripSummaryWeekMonth" name="test_month_returns_200" time="0.219" /><testcase classname="tests.test_navixy_trip_summary_v114.TestTripSummaryWeekMonth" name="test_distance_monotonic" time="0.154" /><testcase classname="tests.test_navixy_trip_summary_v114.TestTripSummaryCache" name="test_cache_suppresses_log_within_60s" time="1.117" /><testcase classname="tests.test_navixy_trip_summary_v114.TestTripSummaryValidation" name="test_invalid_range_400" time="0.048" /><testcase classname="tests.test_navixy_trip_summary_v114.TestTripSummaryValidation" name="test_404_for_missing_asset" time="0.048" /><testcase classname="tests.test_navixy_trip_summary_v114.TestTripSummaryNonNavixy" name="test_non_navixy_asset_graceful_noop" time="0.493" /><testcase classname="tests.test_navixy_trip_summary_v114.TestCounterSync" name="test_sync_runs_and_updates_many" time="3.495" /><testcase classname="tests.test_navixy_trip_summary_v114.TestCounterSync" name="test_structured_log_line_emitted" time="0.004" /><testcase classname="tests.test_navixy_trip_summary_v114.TestCounterSync" name="test_h89my_counters_persisted" time="0.488" /><testcase classname="tests.test_navixy_trip_summary_v114.TestFleetCounters" name="test_fleet_has_plausible_counters" time="0.000" /></testsuite></testsuites>