<?xml version="1.0" encoding="utf-8"?><testsuites name="pytest tests"><testsuite name="pytest" errors="0" failures="0" skipped="0" tests="11" time="9.758" timestamp="2026-06-30T05:18:11.259761+00:00" hostname="agent-env-3dd7823d-4048-456d-b31d-e4cb598dc869"><testcase classname="backend.tests.test_navixy_counter_fix_v113.TestNavixySyncTrigger" name="test_sync_returns_high_updated_count" time="5.119" /><testcase classname="backend.tests.test_navixy_counter_fix_v113.TestNavixySyncTrigger" name="test_sync_response_shape" time="0.000" /><testcase classname="backend.tests.test_navixy_counter_fix_v113.TestH89MYMeterTrends" name="test_h89my_engine_hours_matches_navixy" time="0.053" /><testcase classname="backend.tests.test_navixy_counter_fix_v113.TestH89MYMeterTrends" name="test_h89my_odometer_matches_navixy" time="0.050" /><testcase classname="backend.tests.test_navixy_counter_fix_v113.TestH89MYMeterTrends" name="test_h89my_hours_meter_updated_at_is_today" time="0.493" /><testcase classname="backend.tests.test_navixy_counter_fix_v113.TestFleetCounters" name="test_fleet_has_many_plausible_navixy_assets" time="0.451" /><testcase classname="backend.tests.test_navixy_counter_fix_v113.TestFleetCounters" name="test_fleet_no_stuck_low_hours_majority" time="0.454" /><testcase classname="backend.tests.test_navixy_counter_fix_v113.TestStructuredSyncLog" name="test_get_counters_log_line_emitted" time="2.008" /><testcase classname="backend.tests.test_navixy_counter_fix_v113.TestStructuredSyncLog" name="test_h89my_specifically_logged" time="1.003" /><testcase classname="backend.tests.test_navixy_counter_fix_v113.TestMeterHistoryReadOnlyOnAssets" name="test_no_writes_to_assets_collection_in_meter_history" time="0.000" /><testcase classname="backend.tests.test_navixy_counter_fix_v113.TestMeterHistoryReadOnlyOnAssets" name="test_only_meter_history_collection_is_written" time="0.008" /></testsuite></testsuites>