<?xml version="1.0" encoding="utf-8"?><testsuites name="pytest tests"><testsuite name="pytest" errors="0" failures="0" skipped="2" tests="14" time="3.360" timestamp="2026-06-28T08:42:46.749464+00:00" hostname="agent-env-3dd7823d-4048-456d-b31d-e4cb598dc869"><testcase classname="backend.tests.test_phase_39_form_prefs.TestMyFormPreferences" name="test_get_me_seeds_or_returns_existing" time="0.520" /><testcase classname="backend.tests.test_phase_39_form_prefs.TestMyFormPreferences" name="test_put_me_persists" time="0.210" /><testcase classname="backend.tests.test_phase_39_form_prefs.TestMyFormPreferences" name="test_put_me_device_only_does_not_touch_server" time="0.297" /><testcase classname="backend.tests.test_phase_39_form_prefs.TestAdminUserPreferences" name="test_admin_can_read_worker_prefs" time="0.099" /><testcase classname="backend.tests.test_phase_39_form_prefs.TestAdminUserPreferences" name="test_admin_can_write_worker_prefs" time="0.195" /><testcase classname="backend.tests.test_phase_39_form_prefs.TestAdminUserPreferences" name="test_worker_403_on_other_user_get" time="0.415" /><testcase classname="backend.tests.test_phase_39_form_prefs.TestAdminUserPreferences" name="test_worker_403_on_other_user_put" time="0.087" /><testcase classname="backend.tests.test_phase_39_form_prefs.TestAdminUserPreferences" name="test_worker_can_read_own_via_user_id" time="0.090"><skipped type="pytest.xfail" message="Workers cannot reach /api/users/{self}/form-preferences — blocked by PermissionsMiddleware (users.view=False)" /></testcase><testcase classname="backend.tests.test_phase_39_form_prefs.TestAdminUserPreferences" name="test_worker_can_read_own_via_me" time="0.106"><skipped type="pytest.xfail" message="Workers cannot reach /api/users/me/form-preferences — blocked by PermissionsMiddleware (users.view=False)" /></testcase><testcase classname="backend.tests.test_phase_39_form_prefs.TestScanFormsApplyPrefs" name="test_admin_all_enabled_returns_full_curated_list" time="0.277" /><testcase classname="backend.tests.test_phase_39_form_prefs.TestScanFormsApplyPrefs" name="test_narrowed_whitelist_filters_plant_pre_start" time="0.292" /><testcase classname="backend.tests.test_phase_39_form_prefs.TestScanFormsApplyPrefs" name="test_include_disabled_bypasses_filter" time="0.093" /><testcase classname="backend.tests.test_phase_39_form_prefs.TestScanFormsApplyPrefs" name="test_empty_intersection_falls_back_to_full_list" time="0.187" /><testcase classname="backend.tests.test_phase_39_form_prefs.TestScanFormsApplyPrefs" name="test_reset_admin_to_all_for_cleanup" time="0.386" /></testsuite></testsuites>