<?xml version="1.0" encoding="utf-8"?><testsuites name="pytest tests"><testsuite name="pytest" errors="0" failures="0" skipped="0" tests="14" time="3.324" timestamp="2026-06-28T08:46:51.491666+00:00" hostname="agent-env-3dd7823d-4048-456d-b31d-e4cb598dc869"><testcase classname="backend.tests.test_phase_39_form_prefs.TestMyFormPreferences" name="test_get_me_seeds_or_returns_existing" time="0.523" /><testcase classname="backend.tests.test_phase_39_form_prefs.TestMyFormPreferences" name="test_put_me_persists" time="0.220" /><testcase classname="backend.tests.test_phase_39_form_prefs.TestMyFormPreferences" name="test_put_me_device_only_does_not_touch_server" time="0.287" /><testcase classname="backend.tests.test_phase_39_form_prefs.TestAdminUserPreferences" name="test_admin_can_read_worker_prefs" time="0.096" /><testcase classname="backend.tests.test_phase_39_form_prefs.TestAdminUserPreferences" name="test_admin_can_write_worker_prefs" time="0.209" /><testcase classname="backend.tests.test_phase_39_form_prefs.TestAdminUserPreferences" name="test_worker_403_on_other_user_get" time="0.418" /><testcase classname="backend.tests.test_phase_39_form_prefs.TestAdminUserPreferences" name="test_worker_403_on_other_user_put" time="0.091" /><testcase classname="backend.tests.test_phase_39_form_prefs.TestAdminUserPreferences" name="test_worker_can_read_own_via_user_id" time="0.091" /><testcase classname="backend.tests.test_phase_39_form_prefs.TestAdminUserPreferences" name="test_worker_can_read_own_via_me" time="0.090" /><testcase classname="backend.tests.test_phase_39_form_prefs.TestScanFormsApplyPrefs" name="test_admin_all_enabled_returns_full_curated_list" time="0.280" /><testcase classname="backend.tests.test_phase_39_form_prefs.TestScanFormsApplyPrefs" name="test_narrowed_whitelist_filters_plant_pre_start" time="0.278" /><testcase classname="backend.tests.test_phase_39_form_prefs.TestScanFormsApplyPrefs" name="test_include_disabled_bypasses_filter" time="0.090" /><testcase classname="backend.tests.test_phase_39_form_prefs.TestScanFormsApplyPrefs" name="test_empty_intersection_falls_back_to_full_list" time="0.179" /><testcase classname="backend.tests.test_phase_39_form_prefs.TestScanFormsApplyPrefs" name="test_reset_admin_to_all_for_cleanup" time="0.383" /></testsuite></testsuites>