<?xml version="1.0" encoding="utf-8"?><testsuites name="pytest tests"><testsuite name="pytest" errors="0" failures="0" skipped="0" tests="13" time="2.461" timestamp="2026-06-28T08:24:40.611484+00:00" hostname="agent-env-3dd7823d-4048-456d-b31d-e4cb598dc869"><testcase classname="backend.tests.test_phase_38_scan_forms.TestScanForms" name="test_vehicle_scan_forms" time="0.460" /><testcase classname="backend.tests.test_phase_38_scan_forms.TestScanForms" name="test_plant_scan_forms" time="0.100" /><testcase classname="backend.tests.test_phase_38_scan_forms.TestScanForms" name="test_unknown_token_returns_404" time="0.094" /><testcase classname="backend.tests.test_phase_38_scan_forms.TestScanForms" name="test_retired_asset_returns_410" time="0.173" /><testcase classname="backend.tests.test_phase_38_scan_forms.TestScanForms" name="test_unauthenticated_returns_401" time="0.092" /><testcase classname="backend.tests.test_phase_38_scan_forms.TestOpenFormQuickAction" name="test_open_form_success" time="0.193" /><testcase classname="backend.tests.test_phase_38_scan_forms.TestOpenFormQuickAction" name="test_open_form_missing_template_id_returns_422" time="0.095" /><testcase classname="backend.tests.test_phase_38_scan_forms.TestOpenFormQuickAction" name="test_open_form_unknown_template_returns_404" time="0.088" /><testcase classname="backend.tests.test_phase_38_scan_forms.TestSubmissionStamping" name="test_submission_persists_scan_provenance" time="0.385" /><testcase classname="backend.tests.test_phase_38_scan_forms.TestSubmissionStamping" name="test_submission_without_provenance_omits_fields" time="0.386" /><testcase classname="backend.tests.test_phase_38_scan_forms.TestQuickActionRegression" name="test_update_meter_still_works" time="0.109" /><testcase classname="backend.tests.test_phase_38_scan_forms.TestQuickActionRegression" name="test_log_service_still_works" time="0.093" /><testcase classname="backend.tests.test_phase_38_scan_forms.TestQuickActionRegression" name="test_report_defect_still_works" time="0.098" /></testsuite></testsuites>