<?xml version="1.0" encoding="utf-8"?><testsuites name="pytest tests"><testsuite name="pytest" errors="0" failures="0" skipped="0" tests="22" time="9.072" timestamp="2026-06-28T10:00:52.397698+00:00" hostname="agent-env-3dd7823d-4048-456d-b31d-e4cb598dc869"><testcase classname="backend.tests.test_phase_39c_form_assignments" name="test_list_assignments_returns_roles_companies" time="0.441" /><testcase classname="backend.tests.test_phase_39c_form_assignments" name="test_put_applies_to_notifies_and_422" time="0.401" /><testcase classname="backend.tests.test_phase_39c_form_assignments" name="test_bulk_assignments_skip_notifications" time="0.142" /><testcase classname="backend.tests.test_phase_39c_form_assignments" name="test_preview_recipients" time="0.292" /><testcase classname="backend.tests.test_phase_39c_form_assignments" name="test_notifier_writes_outbox_and_dedupe" time="4.197" /><testcase classname="backend.tests.test_phase_39c_form_assignments" name="test_forms_list_for_worker" time="0.216" /><testcase classname="backend.tests.test_phase_39c_form_assignments" name="test_forms_list_for_worker_me" time="0.409" /><testcase classname="backend.tests.test_phase_39c_form_assignments" name="test_forms_list_for_worker_403_for_non_admin" time="0.095" /><testcase classname="backend.tests.test_phase_39c_form_assignments" name="test_scan_asset_forms_match_reasons" time="0.637" /><testcase classname="backend.tests.test_phase_39c_form_assignments" name="test_site_signin_rbac" time="0.185" /><testcase classname="backend.tests.test_phase_41_worker_qr.TestWorkerQrPng" name="test_qr_png_authed_returns_png" time="0.421" /><testcase classname="backend.tests.test_phase_41_worker_qr.TestWorkerQrPng" name="test_qr_png_unauth_returns_401" time="0.096" /><testcase classname="backend.tests.test_phase_41_worker_qr.TestIdCardPdf" name="test_pdf_layouts_return_pdf[wallet]" time="0.118" /><testcase classname="backend.tests.test_phase_41_worker_qr.TestIdCardPdf" name="test_pdf_layouts_return_pdf[lanyard]" time="0.117" /><testcase classname="backend.tests.test_phase_41_worker_qr.TestIdCardPdf" name="test_pdf_layouts_return_pdf[avery]" time="0.135" /><testcase classname="backend.tests.test_phase_41_worker_qr.TestIdCardPdf" name="test_pdf_garbage_layout_returns_422" time="0.112" /><testcase classname="backend.tests.test_phase_41_worker_qr.TestPublicScan" name="test_scan_worker_public_ok" time="0.097" /><testcase classname="backend.tests.test_phase_41_worker_qr.TestPublicScan" name="test_scan_worker_invalid_token_404" time="0.102" /><testcase classname="backend.tests.test_phase_41_worker_qr.TestSiteSignIn" name="test_signin_requires_auth" time="0.095" /><testcase classname="backend.tests.test_phase_41_worker_qr.TestSiteSignIn" name="test_signin_authed_writes_row" time="0.096" /><testcase classname="backend.tests.test_phase_41_worker_qr.TestNfcPair" name="test_nfc_pair_ok_then_dup_then_unpair" time="0.480" /><testcase classname="backend.tests.test_phase_41_worker_qr.TestAssetScanRegression" name="test_asset_scan_forms_still_resolves" time="0.096" /></testsuite></testsuites>