<?xml version="1.0" encoding="utf-8"?><testsuites name="pytest tests"><testsuite name="pytest" errors="0" failures="0" skipped="0" tests="12" time="2.077" timestamp="2026-06-28T09:39:39.353257+00:00" hostname="agent-env-3dd7823d-4048-456d-b31d-e4cb598dc869"><testcase classname="backend.tests.test_phase_41_worker_qr.TestWorkerQrPng" name="test_qr_png_authed_returns_png" time="0.479" /><testcase classname="backend.tests.test_phase_41_worker_qr.TestWorkerQrPng" name="test_qr_png_unauth_returns_401" time="0.093" /><testcase classname="backend.tests.test_phase_41_worker_qr.TestIdCardPdf" name="test_pdf_layouts_return_pdf[wallet]" time="0.115" /><testcase classname="backend.tests.test_phase_41_worker_qr.TestIdCardPdf" name="test_pdf_layouts_return_pdf[lanyard]" time="0.105" /><testcase classname="backend.tests.test_phase_41_worker_qr.TestIdCardPdf" name="test_pdf_layouts_return_pdf[avery]" time="0.135" /><testcase classname="backend.tests.test_phase_41_worker_qr.TestIdCardPdf" name="test_pdf_garbage_layout_returns_422" time="0.098" /><testcase classname="backend.tests.test_phase_41_worker_qr.TestPublicScan" name="test_scan_worker_public_ok" time="0.093" /><testcase classname="backend.tests.test_phase_41_worker_qr.TestPublicScan" name="test_scan_worker_invalid_token_404" time="0.091" /><testcase classname="backend.tests.test_phase_41_worker_qr.TestSiteSignIn" name="test_signin_requires_auth" time="0.103" /><testcase classname="backend.tests.test_phase_41_worker_qr.TestSiteSignIn" name="test_signin_authed_writes_row" time="0.121" /><testcase classname="backend.tests.test_phase_41_worker_qr.TestNfcPair" name="test_nfc_pair_ok_then_dup_then_unpair" time="0.471" /><testcase classname="backend.tests.test_phase_41_worker_qr.TestAssetScanRegression" name="test_asset_scan_forms_still_resolves" time="0.099" /></testsuite></testsuites>