<?xml version="1.0" encoding="utf-8"?><testsuites name="pytest tests"><testsuite name="pytest" errors="0" failures="1" skipped="0" tests="18" time="26.749" timestamp="2026-06-17T04:38:23.220281+00:00" hostname="agent-env-3dd7823d-4048-456d-b31d-e4cb598dc869"><testcase classname="backend.tests.test_paneltec_backend.TestAuth" name="test_login_success_returns_token_and_user" time="0.428" /><testcase classname="backend.tests.test_paneltec_backend.TestAuth" name="test_login_invalid_returns_401" time="0.266" /><testcase classname="backend.tests.test_paneltec_backend.TestAuth" name="test_me_with_token" time="0.349" /><testcase classname="backend.tests.test_paneltec_backend.TestAuth" name="test_me_without_token" time="0.080" /><testcase classname="backend.tests.test_paneltec_backend.TestDashboard" name="test_metrics_with_token" time="0.046" /><testcase classname="backend.tests.test_paneltec_backend.TestDashboard" name="test_metrics_without_token" time="0.042" /><testcase classname="backend.tests.test_paneltec_backend.TestOpenAPI" name="test_openapi_includes_routers" time="0.064" /><testcase classname="backend.tests.test_paneltec_backend" name="test_entity_crud[swms]" time="0.654" /><testcase classname="backend.tests.test_paneltec_backend" name="test_entity_crud[pre-starts]" time="0.389" /><testcase classname="backend.tests.test_paneltec_backend" name="test_entity_crud[site-diary]" time="0.416" /><testcase classname="backend.tests.test_paneltec_backend" name="test_entity_crud[hazards]" time="0.332" /><testcase classname="backend.tests.test_paneltec_backend" name="test_entity_crud[incidents]" time="0.302" /><testcase classname="backend.tests.test_paneltec_backend" name="test_entity_crud[inspections]" time="0.086"><failure message="AssertionError: create inspections failed: 422 {&quot;detail&quot;:[{&quot;type&quot;:&quot;missing&quot;,&quot;loc&quot;:[&quot;body&quot;,&quot;date&quot;],&quot;msg&quot;:&quot;Field required&quot;,&quot;input&quot;:{&quot;workspace_id&quot;:&quot;751d9aeb-60ca-476f-b8db-c387144c59b7&quot;,&quot;template&quot;:&quot;site_walk&quot;,&quot;template_name&quot;:&quot;Site walk&quot;,&quot;title&quot;:&quot;TEST_INS_63f6b9&quot;,&quot;items&quot;:[{&quot;label&quot;:&quot;Item 1&quot;,&quot;result&quot;:&quot;pass&quot;,&quot;notes&quot;:&quot;&quot;}]},&quot;url&quot;:&quot;https://errors.pydanti&#10;assert 422 in (200, 201)&#10; +  where 422 = &lt;Response [422]&gt;.status_code">backend/tests/test_paneltec_backend.py:223: in test_entity_crud
    assert r.status_code in (200, 201), f"create {path} failed: {r.status_code} {r.text[:300]}"
E   AssertionError: create inspections failed: 422 {"detail":[{"type":"missing","loc":["body","date"],"msg":"Field required","input":{"workspace_id":"751d9aeb-60ca-476f-b8db-c387144c59b7","template":"site_walk","template_name":"Site walk","title":"TEST_INS_63f6b9","items":[{"label":"Item 1","result":"pass","notes":""}]},"url":"https://errors.pydanti
E   assert 422 in (200, 201)
E    +  where 422 = &lt;Response [422]&gt;.status_code</failure></testcase><testcase classname="backend.tests.test_paneltec_backend" name="test_entity_requires_auth" time="0.039" /><testcase classname="backend.tests.test_paneltec_backend.TestSwmsReview" name="test_worker_forbidden" time="0.672" /><testcase classname="backend.tests.test_paneltec_backend.TestAI" name="test_swms_draft" time="16.629" /><testcase classname="backend.tests.test_paneltec_backend.TestAI" name="test_diary_structure" time="1.851" /><testcase classname="backend.tests.test_paneltec_backend.TestAI" name="test_hazard_vision" time="3.995" /></testsuite></testsuites>