<?xml version="1.0" encoding="utf-8"?><testsuites name="pytest tests"><testsuite name="pytest" errors="0" failures="0" skipped="0" tests="7" time="1.617" timestamp="2026-06-28T02:49:42.364615+00:00" hostname="agent-env-3dd7823d-4048-456d-b31d-e4cb598dc869"><testcase classname="backend.tests.test_submission_metadata.TestSubmissionMetadata" name="test_1_submit_with_full_metadata" time="0.676" /><testcase classname="backend.tests.test_submission_metadata.TestSubmissionMetadata" name="test_2_get_submission_persists_metadata" time="0.131" /><testcase classname="backend.tests.test_submission_metadata.TestSubmissionMetadata" name="test_3_config_preserved_on_asset_scan" time="0.099" /><testcase classname="backend.tests.test_submission_metadata.TestSubmissionMetadata" name="test_4_submit_id_value_only_snapshots_from_template" time="0.106" /><testcase classname="backend.tests.test_submission_metadata.TestSubmissionMetadata" name="test_5_pdf_renders_for_new_submission" time="0.112" /><testcase classname="backend.tests.test_submission_metadata.TestSubmissionMetadata" name="test_6_pdf_renders_for_minimal_submission" time="0.120" /><testcase classname="backend.tests.test_submission_metadata.TestSubmissionMetadata" name="test_7_existing_legacy_submissions_pdf_does_not_500" time="0.249" /></testsuite></testsuites>