<?xml version="1.0" encoding="utf-8"?><testsuites name="pytest tests"><testsuite name="pytest" errors="0" failures="1" skipped="7" tests="12" time="12.594" timestamp="2026-06-30T06:11:30.176528+00:00" hostname="agent-env-3dd7823d-4048-456d-b31d-e4cb598dc869"><testcase classname="tests.test_v114_bugs" name="test_repair_lifetimes_admin" time="2.629" /><testcase classname="tests.test_v114_bugs" name="test_repair_lifetimes_non_admin" time="0.322"><failure message="assert 401 == 200&#10; +  where 401 = &lt;Response [401]&gt;.status_code">tests/test_v114_bugs.py:27: in test_repair_lifetimes_non_admin
    assert rl.status_code == 200
E   assert 401 == 200
E    +  where 401 = &lt;Response [401]&gt;.status_code</failure></testcase><testcase classname="tests.test_v114_bugs" name="test_sync_counters_includes_repair" time="5.516" /><testcase classname="tests.test_v114_bugs" name="test_engine_hours_monotonic_409" time="0.549"><skipped type="pytest.skip" message="no asset with hours_meter found">/app/backend/tests/test_v114_bugs.py:54: no asset with hours_meter found</skipped></testcase><testcase classname="tests.test_v114_bugs" name="test_engine_hours_reasonable_ok" time="0.510"><skipped type="pytest.skip" message="no asset with hours_meter found">/app/backend/tests/test_v114_bugs.py:54: no asset with hours_meter found</skipped></testcase><testcase classname="tests.test_v114_bugs" name="test_odometer_monotonic_409" time="0.503"><skipped type="pytest.skip" message="no asset with hours_meter found">/app/backend/tests/test_v114_bugs.py:54: no asset with hours_meter found</skipped></testcase><testcase classname="tests.test_v114_bugs" name="test_trip_summary[today]" time="0.509"><skipped type="pytest.skip" message="no asset with hours_meter found">/app/backend/tests/test_v114_bugs.py:54: no asset with hours_meter found</skipped></testcase><testcase classname="tests.test_v114_bugs" name="test_trip_summary[week]" time="0.539"><skipped type="pytest.skip" message="no asset with hours_meter found">/app/backend/tests/test_v114_bugs.py:54: no asset with hours_meter found</skipped></testcase><testcase classname="tests.test_v114_bugs" name="test_trip_summary[month]" time="0.512"><skipped type="pytest.skip" message="no asset with hours_meter found">/app/backend/tests/test_v114_bugs.py:54: no asset with hours_meter found</skipped></testcase><testcase classname="tests.test_v114_bugs" name="test_meter_trends" time="0.486"><skipped type="pytest.skip" message="no asset with hours_meter found">/app/backend/tests/test_v114_bugs.py:54: no asset with hours_meter found</skipped></testcase><testcase classname="tests.test_v114_bugs" name="test_login_works" time="0.320" /><testcase classname="tests.test_v114_bugs" name="test_service_worker_version" time="0.095" /></testsuite></testsuites>